<?xml version="1.0" encoding="UTF-8"?>
<testsuite xmlns:xsi="http://www.w3.org/2001/XMLSchema-instance" xsi:noNamespaceSchemaLocation="https://maven.apache.org/surefire/maven-surefire-plugin/xsd/surefire-test-report.xsd" name="TestSuite" time="0.359" tests="21" errors="0" skipped="20" failures="1">
  <properties>
[...]
</properties>
  <testcase name="setUp" classname="PageObjectTest.NewArrivalTest" time="0.298">
    <failure message="Cannot find firefox binary in PATH. Make sure firefox is installed. OS appears to be: MAC&#10;Build info: version: &apos;3.14.0&apos;, revision: &apos;aacccce0&apos;, time: &apos;2018-08-02T20:19:58.91Z&apos;&#10;System info: host: &apos;Mds-MacBook-Pro.home&apos;, ip: &apos;fe80:0:0:0:865:2064:5e0b:981f%en0&apos;, os.name: &apos;Mac OS X&apos;, os.arch: &apos;x86_64&apos;, os.version: &apos;10.14.6&apos;, java.version: &apos;1.8.0_212&apos;&#10;Driver info: driver.version: BrowserDriver" type="org.openqa.selenium.WebDriverException">org.openqa.selenium.WebDriverException: 
Cannot find firefox binary in PATH. Make sure firefox is installed. OS appears to be: MAC
Build info: version: '3.14.0', revision: 'aacccce0', time: '2018-08-02T20:19:58.91Z'
System info: host: 'Mds-MacBook-Pro.home', ip: 'fe80:0:0:0:865:2064:5e0b:981f%en0', os.name: 'Mac OS X', os.arch: 'x86_64', os.version: '10.14.6', java.version: '1.8.0_212'
Driver info: driver.version: BrowserDriver
</failure>
    <system-out><![CDATA[Extent Report Directory/Users/mdrahul/IdeaProjects/SeleniumFrameWork/midul_Ecommerce/target/surefire-reports/html
]]></system-out>
    <system-err><![CDATA[Sep 17, 2019 2:44:29 AM com.relevantcodes.extentreports.ExtentReports loadConfig
WARNING: Unable to perform report configuration. The file /Users/mdrahul/IdeaProjects/SeleniumFrameWork/midul_Ecommerce/report-config.xml was not found.
Sep 17, 2019 2:44:29 AM org.openqa.selenium.remote.DesiredCapabilities firefox
INFO: Using `new FirefoxOptions()` is preferred to `DesiredCapabilities.firefox()`
]]></system-err>
  </testcase>
  <testcase name="startExtent" classname="PageObjectTest.NewArrivalTest" time="0">
    <skipped/>
  </testcase>
  <testcase name="Arrivalitem" classname="PageObjectTest.NewArrivalTest" time="0">
    <skipped/>
  </testcase>
  <testcase name="Arrivalsarch" classname="PageObjectTest.NewArrivalTest" time="0">
    <skipped message="Cannot find firefox binary in PATH. Make sure firefox is installed. OS appears to be: MAC&#10;Build info: version: &apos;3.14.0&apos;, revision: &apos;aacccce0&apos;, time: &apos;2018-08-02T20:19:58.91Z&apos;&#10;System info: host: &apos;Mds-MacBook-Pro.home&apos;, ip: &apos;fe80:0:0:0:865:2064:5e0b:981f%en0&apos;, os.name: &apos;Mac OS X&apos;, os.arch: &apos;x86_64&apos;, os.version: &apos;10.14.6&apos;, java.version: &apos;1.8.0_212&apos;&#10;Driver info: driver.version: BrowserDriver"/>
  </testcase>
  <testcase name="setUp" classname="PageObjectTest.WomanDressTest" time="0">
    <skipped/>
  </testcase>
  <testcase name="setUp" classname="PageObjectTest.WomanDressTest" time="0">
    <skipped/>
  </testcase>
  <testcase name="startExtent" classname="PageObjectTest.WomanDressTest" time="0">
    <skipped/>
  </testcase>
  <testcase name="startExtent" classname="PageObjectTest.WomanDressTest" time="0">
    <skipped/>
  </testcase>
  <testcase name="Anotherther" classname="PageObjectTest.WomanDressTest" time="0">
    <skipped/>
  </testcase>
  <testcase name="Anotherther" classname="PageObjectTest.WomanDressTest" time="0">
    <skipped/>
  </testcase>
  <testcase name="sweatertest" classname="PageObjectTest.WomanDressTest" time="0">
    <skipped message="Cannot find firefox binary in PATH. Make sure firefox is installed. OS appears to be: MAC&#10;Build info: version: &apos;3.14.0&apos;, revision: &apos;aacccce0&apos;, time: &apos;2018-08-02T20:19:58.91Z&apos;&#10;System info: host: &apos;Mds-MacBook-Pro.home&apos;, ip: &apos;fe80:0:0:0:865:2064:5e0b:981f%en0&apos;, os.name: &apos;Mac OS X&apos;, os.arch: &apos;x86_64&apos;, os.version: &apos;10.14.6&apos;, java.version: &apos;1.8.0_212&apos;&#10;Driver info: driver.version: BrowserDriver"/>
  </testcase>
  <testcase name="womandress" classname="PageObjectTest.WomanDressTest" time="0">
    <skipped message="Cannot find firefox binary in PATH. Make sure firefox is installed. OS appears to be: MAC&#10;Build info: version: &apos;3.14.0&apos;, revision: &apos;aacccce0&apos;, time: &apos;2018-08-02T20:19:58.91Z&apos;&#10;System info: host: &apos;Mds-MacBook-Pro.home&apos;, ip: &apos;fe80:0:0:0:865:2064:5e0b:981f%en0&apos;, os.name: &apos;Mac OS X&apos;, os.arch: &apos;x86_64&apos;, os.version: &apos;10.14.6&apos;, java.version: &apos;1.8.0_212&apos;&#10;Driver info: driver.version: BrowserDriver"/>
  </testcase>
  <testcase name="setUp" classname="PageObjectTest.HomePageTest" time="0">
    <skipped/>
  </testcase>
  <testcase name="setUp" classname="PageObjectTest.HomePageTest" time="0">
    <skipped/>
  </testcase>
  <testcase name="startExtent" classname="PageObjectTest.HomePageTest" time="0">
    <skipped/>
  </testcase>
  <testcase name="startExtent" classname="PageObjectTest.HomePageTest" time="0">
    <skipped/>
  </testcase>
  <testcase name="Element" classname="PageObjectTest.HomePageTest" time="0">
    <skipped/>
  </testcase>
  <testcase name="Element" classname="PageObjectTest.HomePageTest" time="0">
    <skipped/>
  </testcase>
  <testcase name="Anoothertest" classname="PageObjectTest.HomePageTest" time="0">
    <skipped message="Cannot find firefox binary in PATH. Make sure firefox is installed. OS appears to be: MAC&#10;Build info: version: &apos;3.14.0&apos;, revision: &apos;aacccce0&apos;, time: &apos;2018-08-02T20:19:58.91Z&apos;&#10;System info: host: &apos;Mds-MacBook-Pro.home&apos;, ip: &apos;fe80:0:0:0:865:2064:5e0b:981f%en0&apos;, os.name: &apos;Mac OS X&apos;, os.arch: &apos;x86_64&apos;, os.version: &apos;10.14.6&apos;, java.version: &apos;1.8.0_212&apos;&#10;Driver info: driver.version: BrowserDriver"/>
  </testcase>
  <testcase name="sarchtest" classname="PageObjectTest.HomePageTest" time="0">
    <skipped message="Cannot find firefox binary in PATH. Make sure firefox is installed. OS appears to be: MAC&#10;Build info: version: &apos;3.14.0&apos;, revision: &apos;aacccce0&apos;, time: &apos;2018-08-02T20:19:58.91Z&apos;&#10;System info: host: &apos;Mds-MacBook-Pro.home&apos;, ip: &apos;fe80:0:0:0:865:2064:5e0b:981f%en0&apos;, os.name: &apos;Mac OS X&apos;, os.arch: &apos;x86_64&apos;, os.version: &apos;10.14.6&apos;, java.version: &apos;1.8.0_212&apos;&#10;Driver info: driver.version: BrowserDriver"/>
  </testcase>
  <testcase name="generateReport" classname="PageObjectTest.NewArrivalTest" time="0">
    <skipped/>
  </testcase>
</testsuite>