<?xml version="1.0" encoding="UTF-8"?>
<!-- Generated by org.testng.reporters.JUnitXMLReporter -->
<testsuite hostname="Mds-MacBook-Pro.local" ignored="4" name="All the test cases" tests="3" failures="0" timestamp="18 Sep 2019 21:37:57 GMT" time="41.782" errors="0">
  <testcase name="contractTest" time="4.605" classname="PageobjectTest.HomepageTest"/>
  <testcase name="testing" time="2.208" classname="PageobjectTest.SelectTest"/>
  <testcase name="aboutTest" time="3.187" classname="PageobjectTest.AboutTest"/>
  <testcase name="@AfterSuite generateReport" time="0.0" classname="base.BrowserDriver">
    <ignored/>
  </testcase> <!-- @AfterSuite generateReport -->
  <testcase name="@AfterSuite generateReport" time="0.0" classname="base.BrowserDriver">
    <ignored/>
  </testcase> <!-- @AfterSuite generateReport -->
  <testcase name="@BeforeSuite extentSetup" time="0.0" classname="base.BrowserDriver">
    <ignored/>
  </testcase> <!-- @BeforeSuite extentSetup -->
  <testcase name="@BeforeSuite extentSetup" time="0.0" classname="base.BrowserDriver">
    <ignored/>
  </testcase> <!-- @BeforeSuite extentSetup -->
</testsuite> <!-- All the test cases -->
