<?xml version="1.0" encoding="UTF-8"?>
<testng-results skipped="0" failed="0" ignored="4" total="7" passed="3">
  <reporter-output>
    <line>
      <![CDATA[Extent Report Directory/Users/mdrahul/IdeaProjects/SeleniumFrameWork/Ecommerce/target/surefire-reports/html]]>
    </line>
    <line>
      <![CDATA[Send Keys to Mohammed]]>
    </line>
    <line>
      <![CDATA[Send Keys to Mohammed]]>
    </line>
    <line>
      <![CDATA[Send Keys to Email]]>
    </line>
    <line>
      <![CDATA[Send Keys to Email]]>
    </line>
  </reporter-output>
  <suite name="Automation Test" duration-ms="41782" started-at="2019-09-18T21:37:10Z" finished-at="2019-09-18T21:37:52Z">
    <groups>
    </groups>
    <test name="All the test cases" duration-ms="41782" started-at="2019-09-18T21:37:10Z" finished-at="2019-09-18T21:37:52Z">
      <class name="PageobjectTest.HomepageTest">
        <test-method status="PASS" signature="extentSetup(org.testng.ITestContext)[pri:0, instance:PageobjectTest.HomepageTest@50c87b21]" name="extentSetup" is-config="true" duration-ms="5090" started-at="2019-09-18T17:37:05Z" finished-at="2019-09-18T17:37:10Z">
          <params>
            <param index="0">
              <value>
                <![CDATA[org.testng.TestRunner@424fd310]]>
              </value>
            </param>
          </params>
          <reporter-output>
            <line>
              <![CDATA[Extent Report Directory/Users/mdrahul/IdeaProjects/SeleniumFrameWork/Ecommerce/target/surefire-reports/html]]>
            </line>
          </reporter-output>
        </test-method> <!-- extentSetup -->
        <test-method status="PASS" signature="setUp(boolean, java.lang.String, java.lang.String, java.lang.String, java.lang.String, java.lang.String, java.lang.String)[pri:0, instance:PageobjectTest.HomepageTest@50c87b21]" name="setUp" is-config="true" duration-ms="18113" started-at="2019-09-18T17:37:10Z" finished-at="2019-09-18T17:37:28Z">
          <params>
            <param index="0">
              <value>
                <![CDATA[false]]>
              </value>
            </param>
            <param index="1">
              <value>
                <![CDATA[browserstack]]>
              </value>
            </param>
            <param index="2">
              <value>
                <![CDATA[Mac]]>
              </value>
            </param>
            <param index="3">
              <value>
                <![CDATA[Mojave]]>
              </value>
            </param>
            <param index="4">
              <value>
                <![CDATA[chrome]]>
              </value>
            </param>
            <param index="5">
              <value>
                <![CDATA[76.0]]>
              </value>
            </param>
            <param index="6">
              <value>
                <![CDATA[http://www.seleniumframework.com/]]>
              </value>
            </param>
          </params>
          <reporter-output>
          </reporter-output>
        </test-method> <!-- setUp -->
        <test-method status="PASS" signature="startExtent(java.lang.reflect.Method)[pri:0, instance:PageobjectTest.HomepageTest@50c87b21]" name="startExtent" is-config="true" duration-ms="3" started-at="2019-09-18T17:37:28Z" finished-at="2019-09-18T17:37:28Z">
          <params>
            <param index="0">
              <value>
                <![CDATA[public void PageobjectTest.HomepageTest.contractTest()]]>
              </value>
            </param>
          </params>
          <reporter-output>
          </reporter-output>
        </test-method> <!-- startExtent -->
        <test-method status="PASS" signature="Run()[pri:0, instance:PageobjectTest.HomepageTest@50c87b21]" name="Run" is-config="true" duration-ms="15" started-at="2019-09-18T17:37:28Z" finished-at="2019-09-18T17:37:28Z">
          <reporter-output>
          </reporter-output>
        </test-method> <!-- Run -->
        <test-method status="PASS" signature="contractTest()[pri:0, instance:PageobjectTest.HomepageTest@50c87b21]" name="contractTest" duration-ms="4605" started-at="2019-09-18T17:37:28Z" finished-at="2019-09-18T17:37:33Z">
          <reporter-output>
          </reporter-output>
        </test-method> <!-- contractTest -->
        <test-method status="PASS" signature="afterEachTestMethod(org.testng.ITestResult)[pri:0, instance:PageobjectTest.HomepageTest@50c87b21]" name="afterEachTestMethod" is-config="true" duration-ms="217" started-at="2019-09-18T17:37:33Z" finished-at="2019-09-18T17:37:33Z">
          <params>
            <param index="0">
              <value>
                <![CDATA[[TestResult name=contractTest status=SUCCESS method=HomepageTest.contractTest()[pri:0, instance:PageobjectTest.HomepageTest@50c87b21] output={null}]]]>
              </value>
            </param>
          </params>
          <reporter-output>
          </reporter-output>
        </test-method> <!-- afterEachTestMethod -->
        <test-method status="PASS" signature="closeOut()[pri:0, instance:PageobjectTest.HomepageTest@50c87b21]" name="closeOut" is-config="true" duration-ms="0" started-at="2019-09-18T17:37:33Z" finished-at="2019-09-18T17:37:33Z">
          <reporter-output>
          </reporter-output>
        </test-method> <!-- closeOut -->
        <test-method status="PASS" signature="generateReport()[pri:0, instance:PageobjectTest.HomepageTest@50c87b21]" name="generateReport" is-config="true" duration-ms="20" started-at="2019-09-18T17:37:57Z" finished-at="2019-09-18T17:37:57Z">
          <reporter-output>
          </reporter-output>
        </test-method> <!-- generateReport -->
      </class> <!-- PageobjectTest.HomepageTest -->
      <class name="PageobjectTest.AboutTest">
        <test-method status="PASS" signature="setUp(boolean, java.lang.String, java.lang.String, java.lang.String, java.lang.String, java.lang.String, java.lang.String)[pri:0, instance:PageobjectTest.AboutTest@1810399e]" name="setUp" is-config="true" duration-ms="6015" started-at="2019-09-18T17:37:43Z" finished-at="2019-09-18T17:37:49Z">
          <params>
            <param index="0">
              <value>
                <![CDATA[false]]>
              </value>
            </param>
            <param index="1">
              <value>
                <![CDATA[browserstack]]>
              </value>
            </param>
            <param index="2">
              <value>
                <![CDATA[Mac]]>
              </value>
            </param>
            <param index="3">
              <value>
                <![CDATA[Mojave]]>
              </value>
            </param>
            <param index="4">
              <value>
                <![CDATA[chrome]]>
              </value>
            </param>
            <param index="5">
              <value>
                <![CDATA[76.0]]>
              </value>
            </param>
            <param index="6">
              <value>
                <![CDATA[http://www.seleniumframework.com/]]>
              </value>
            </param>
          </params>
          <reporter-output>
          </reporter-output>
        </test-method> <!-- setUp -->
        <test-method status="PASS" signature="startExtent(java.lang.reflect.Method)[pri:0, instance:PageobjectTest.AboutTest@1810399e]" name="startExtent" is-config="true" duration-ms="1" started-at="2019-09-18T17:37:49Z" finished-at="2019-09-18T17:37:49Z">
          <params>
            <param index="0">
              <value>
                <![CDATA[public void PageobjectTest.AboutTest.aboutTest()]]>
              </value>
            </param>
          </params>
          <reporter-output>
          </reporter-output>
        </test-method> <!-- startExtent -->
        <test-method status="PASS" signature="run()[pri:0, instance:PageobjectTest.AboutTest@1810399e]" name="run" is-config="true" duration-ms="2" started-at="2019-09-18T17:37:49Z" finished-at="2019-09-18T17:37:49Z">
          <reporter-output>
          </reporter-output>
        </test-method> <!-- run -->
        <test-method status="PASS" signature="aboutTest()[pri:0, instance:PageobjectTest.AboutTest@1810399e]" name="aboutTest" duration-ms="3187" started-at="2019-09-18T17:37:49Z" finished-at="2019-09-18T17:37:52Z">
          <reporter-output>
            <line>
              <![CDATA[Send Keys to Mohammed]]>
            </line>
            <line>
              <![CDATA[Send Keys to Mohammed]]>
            </line>
            <line>
              <![CDATA[Send Keys to Email]]>
            </line>
            <line>
              <![CDATA[Send Keys to Email]]>
            </line>
          </reporter-output>
        </test-method> <!-- aboutTest -->
        <test-method status="PASS" signature="afterEachTestMethod(org.testng.ITestResult)[pri:0, instance:PageobjectTest.AboutTest@1810399e]" name="afterEachTestMethod" is-config="true" duration-ms="95" started-at="2019-09-18T17:37:52Z" finished-at="2019-09-18T17:37:52Z">
          <params>
            <param index="0">
              <value>
                <![CDATA[[TestResult name=aboutTest status=SUCCESS method=AboutTest.aboutTest()[pri:0, instance:PageobjectTest.AboutTest@1810399e] output=Send Keys to Mohammed]]]>
              </value>
            </param>
          </params>
          <reporter-output>
          </reporter-output>
        </test-method> <!-- afterEachTestMethod -->
        <test-method status="PASS" signature="closeOut()[pri:0, instance:PageobjectTest.AboutTest@1810399e]" name="closeOut" is-config="true" duration-ms="0" started-at="2019-09-18T17:37:52Z" finished-at="2019-09-18T17:37:52Z">
          <reporter-output>
          </reporter-output>
        </test-method> <!-- closeOut -->
      </class> <!-- PageobjectTest.AboutTest -->
      <class name="PageobjectTest.SelectTest">
        <test-method status="PASS" signature="setUp(boolean, java.lang.String, java.lang.String, java.lang.String, java.lang.String, java.lang.String, java.lang.String)[pri:0, instance:PageobjectTest.SelectTest@5f375618]" name="setUp" is-config="true" duration-ms="7216" started-at="2019-09-18T17:37:33Z" finished-at="2019-09-18T17:37:40Z">
          <params>
            <param index="0">
              <value>
                <![CDATA[false]]>
              </value>
            </param>
            <param index="1">
              <value>
                <![CDATA[browserstack]]>
              </value>
            </param>
            <param index="2">
              <value>
                <![CDATA[Mac]]>
              </value>
            </param>
            <param index="3">
              <value>
                <![CDATA[Mojave]]>
              </value>
            </param>
            <param index="4">
              <value>
                <![CDATA[chrome]]>
              </value>
            </param>
            <param index="5">
              <value>
                <![CDATA[76.0]]>
              </value>
            </param>
            <param index="6">
              <value>
                <![CDATA[http://www.seleniumframework.com/]]>
              </value>
            </param>
          </params>
          <reporter-output>
          </reporter-output>
        </test-method> <!-- setUp -->
        <test-method status="PASS" signature="Run()[pri:0, instance:PageobjectTest.SelectTest@5f375618]" name="Run" is-config="true" duration-ms="2" started-at="2019-09-18T17:37:40Z" finished-at="2019-09-18T17:37:40Z">
          <reporter-output>
          </reporter-output>
        </test-method> <!-- Run -->
        <test-method status="PASS" signature="startExtent(java.lang.reflect.Method)[pri:0, instance:PageobjectTest.SelectTest@5f375618]" name="startExtent" is-config="true" duration-ms="0" started-at="2019-09-18T17:37:40Z" finished-at="2019-09-18T17:37:40Z">
          <params>
            <param index="0">
              <value>
                <![CDATA[public void PageobjectTest.SelectTest.testing()]]>
              </value>
            </param>
          </params>
          <reporter-output>
          </reporter-output>
        </test-method> <!-- startExtent -->
        <test-method status="PASS" signature="testing()[pri:0, instance:PageobjectTest.SelectTest@5f375618]" name="testing" duration-ms="2208" started-at="2019-09-18T17:37:40Z" finished-at="2019-09-18T17:37:43Z">
          <reporter-output>
          </reporter-output>
        </test-method> <!-- testing -->
        <test-method status="PASS" signature="afterEachTestMethod(org.testng.ITestResult)[pri:0, instance:PageobjectTest.SelectTest@5f375618]" name="afterEachTestMethod" is-config="true" duration-ms="94" started-at="2019-09-18T17:37:43Z" finished-at="2019-09-18T17:37:43Z">
          <params>
            <param index="0">
              <value>
                <![CDATA[[TestResult name=testing status=SUCCESS method=SelectTest.testing()[pri:0, instance:PageobjectTest.SelectTest@5f375618] output={null}]]]>
              </value>
            </param>
          </params>
          <reporter-output>
          </reporter-output>
        </test-method> <!-- afterEachTestMethod -->
        <test-method status="PASS" signature="closeOut()[pri:0, instance:PageobjectTest.SelectTest@5f375618]" name="closeOut" is-config="true" duration-ms="0" started-at="2019-09-18T17:37:43Z" finished-at="2019-09-18T17:37:43Z">
          <reporter-output>
          </reporter-output>
        </test-method> <!-- closeOut -->
      </class> <!-- PageobjectTest.SelectTest -->
    </test> <!-- All the test cases -->
  </suite> <!-- Automation Test -->
</testng-results>
